0 info it worked if it ends with ok
1 verbose cli [ 'C:\\Program Files\\nodejs\\node.exe',
1 verbose cli   'C:\\Program Files\\nodejs\\node_modules\\npm\\bin\\npm-cli.js',
1 verbose cli   'test' ]
2 info using npm@3.10.10
3 info using node@v6.9.5
4 verbose run-script [ 'pretest', 'test', 'posttest' ]
5 info lifecycle dashboard-2017@2.0.0~pretest: dashboard-2017@2.0.0
6 silly lifecycle dashboard-2017@2.0.0~pretest: no script for pretest, continuing
7 info lifecycle dashboard-2017@2.0.0~test: dashboard-2017@2.0.0
8 verbose lifecycle dashboard-2017@2.0.0~test: unsafe-perm in lifecycle true
9 verbose lifecycle dashboard-2017@2.0.0~test: PATH: C:\Program Files\nodejs\node_modules\npm\bin\node-gyp-bin;C:\Users\Andriy\Documents\Repositories\dashboard-2017\node_modules\.bin;C:\ProgramData\Oracle\Java\javapath;C:\Windows\system32;C:\Windows;C:\Windows\System32\Wbem;C:\Windows\System32\WindowsPowerShell\v1.0\;C:\Program Files (x86)\NVIDIA Corporation\PhysX\Common;C:\Program Files\Git\cmd;C:\WINDOWS\system32;C:\WINDOWS;C:\WINDOWS\System32\Wbem;C:\WINDOWS\System32\WindowsPowerShell\v1.0\;C:\Program Files (x86)\GtkSharp\2.12\bin;C:\Program Files (x86)\PuTTY\;C:\Program Files\nodejs\;C:\Users\Andriy\AppData\Local\Programs\Python\Python36-32\Scripts\;C:\Users\Andriy\AppData\Local\Programs\Python\Python36-32\;C:\Users\Andriy\AppData\Local\Microsoft\WindowsApps;C:\Users\Andriy\AppData\Local\atom\bin;C:\Users\Andriy\AppData\Local\Microsoft\WindowsApps;C:\Users\Andriy\AppData\Roaming\npm;
10 verbose lifecycle dashboard-2017@2.0.0~test: CWD: C:\Users\Andriy\Documents\Repositories\dashboard-2017
11 silly lifecycle dashboard-2017@2.0.0~test: Args: [ '/d /s /c', 'py -3 -m pynetworktables2js' ]
12 verbose stack Error: kill ENOSYS
12 verbose stack     at exports._errnoException (util.js:1022:11)
12 verbose stack     at process.kill (internal/process.js:172:13)
12 verbose stack     at process.listener (C:\Program Files\nodejs\node_modules\npm\node_modules\npmlog\node_modules\gauge\node_modules\signal-exit\index.js:86:15)
12 verbose stack     at emitNone (events.js:91:20)
12 verbose stack     at process.emit (events.js:185:7)
12 verbose stack     at processEmit (C:\Program Files\nodejs\node_modules\npm\node_modules\npmlog\node_modules\gauge\node_modules\signal-exit\index.js:146:32)
12 verbose stack     at processEmit (C:\Program Files\nodejs\node_modules\npm\node_modules\npm-registry-client\node_modules\npmlog\node_modules\gauge\node_modules\signal-exit\index.js:146:32)
12 verbose stack     at Signal.wrap.onsignal (internal/process.js:199:44)
13 verbose cwd C:\Users\Andriy\Documents\Repositories\dashboard-2017
14 error Windows_NT 10.0.15031
15 error argv "C:\\Program Files\\nodejs\\node.exe" "C:\\Program Files\\nodejs\\node_modules\\npm\\bin\\npm-cli.js" "test"
16 error node v6.9.5
17 error npm  v3.10.10
18 error code ENOSYS
19 error errno ENOSYS
20 error syscall kill
21 error kill ENOSYS
22 error If you need help, you may report this error at:
22 error     <https://github.com/npm/npm/issues>
23 verbose exit [ 1, true ]
